  AABB.cpp
  Entity.cpp
  Game.cpp
  main.cpp
  Object.cpp
C:\Users\Paula\Documents\project1\Project1-WahooGames\VampireKiller\Source\Scene.h(32,17): error C2065: 'Object': undeclared identifier
  (compiling source file 'Source/Game.cpp')
  
C:\Users\Paula\Documents\project1\Project1-WahooGames\VampireKiller\Source\Scene.h(32,24): error C2059: syntax error: '>'
  (compiling source file 'Source/Game.cpp')
  
C:\Users\Paula\Documents\project1\Project1-WahooGames\VampireKiller\Source\Scene.h(32,17): error C2065: 'Object': undeclared identifier
  (compiling source file 'Source/main.cpp')
  
C:\Users\Paula\Documents\project1\Project1-WahooGames\VampireKiller\Source\Scene.h(32,24): error C2059: syntax error: '>'
  (compiling source file 'Source/main.cpp')
  
  Player.cpp
C:\Users\Paula\Documents\project1\Project1-WahooGames\VampireKiller\Source\Player.cpp(52,45): error C2838: 'FALLING_RIGHT': illegal qualified name in member declaration
C:\Users\Paula\Documents\project1\Project1-WahooGames\VampireKiller\Source\Player.cpp(52,45): error C2065: 'FALLING_RIGHT': undeclared identifier
C:\Users\Paula\Documents\project1\Project1-WahooGames\VampireKiller\Source\Player.cpp(53,39): error C2838: 'FALLING_RIGHT': illegal qualified name in member declaration
C:\Users\Paula\Documents\project1\Project1-WahooGames\VampireKiller\Source\Player.cpp(53,39): error C2065: 'FALLING_RIGHT': undeclared identifier
C:\Users\Paula\Documents\project1\Project1-WahooGames\VampireKiller\Source\Player.cpp(54,39): error C2838: 'FALLING_RIGHT': illegal qualified name in member declaration
C:\Users\Paula\Documents\project1\Project1-WahooGames\VampireKiller\Source\Player.cpp(54,39): error C2065: 'FALLING_RIGHT': undeclared identifier
C:\Users\Paula\Documents\project1\Project1-WahooGames\VampireKiller\Source\Player.cpp(55,45): error C2838: 'FALLING_LEFT': illegal qualified name in member declaration
C:\Users\Paula\Documents\project1\Project1-WahooGames\VampireKiller\Source\Player.cpp(55,45): error C2065: 'FALLING_LEFT': undeclared identifier
C:\Users\Paula\Documents\project1\Project1-WahooGames\VampireKiller\Source\Player.cpp(56,39): error C2838: 'FALLING_LEFT': illegal qualified name in member declaration
C:\Users\Paula\Documents\project1\Project1-WahooGames\VampireKiller\Source\Player.cpp(56,39): error C2065: 'FALLING_LEFT': undeclared identifier
C:\Users\Paula\Documents\project1\Project1-WahooGames\VampireKiller\Source\Player.cpp(57,39): error C2838: 'FALLING_LEFT': illegal qualified name in member declaration
C:\Users\Paula\Documents\project1\Project1-WahooGames\VampireKiller\Source\Player.cpp(57,39): error C2065: 'FALLING_LEFT': undeclared identifier
C:\Users\Paula\Documents\project1\Project1-WahooGames\VampireKiller\Source\Player.cpp(63,45): error C2838: 'LEVITATING_RIGHT': illegal qualified name in member declaration
C:\Users\Paula\Documents\project1\Project1-WahooGames\VampireKiller\Source\Player.cpp(63,45): error C2065: 'LEVITATING_RIGHT': undeclared identifier
C:\Users\Paula\Documents\project1\Project1-WahooGames\VampireKiller\Source\Player.cpp(64,39): error C2838: 'LEVITATING_RIGHT': illegal qualified name in member declaration
C:\Users\Paula\Documents\project1\Project1-WahooGames\VampireKiller\Source\Player.cpp(64,39): error C2065: 'LEVITATING_RIGHT': undeclared identifier
C:\Users\Paula\Documents\project1\Project1-WahooGames\VampireKiller\Source\Player.cpp(65,45): error C2838: 'LEVITATING_LEFT': illegal qualified name in member declaration
C:\Users\Paula\Documents\project1\Project1-WahooGames\VampireKiller\Source\Player.cpp(65,45): error C2065: 'LEVITATING_LEFT': undeclared identifier
C:\Users\Paula\Documents\project1\Project1-WahooGames\VampireKiller\Source\Player.cpp(66,39): error C2838: 'LEVITATING_LEFT': illegal qualified name in member declaration
C:\Users\Paula\Documents\project1\Project1-WahooGames\VampireKiller\Source\Player.cpp(66,39): error C2065: 'LEVITATING_LEFT': undeclared identifier
C:\Users\Paula\Documents\project1\Project1-WahooGames\VampireKiller\Source\Player.cpp(68,45): error C2838: 'CLIMBING': illegal qualified name in member declaration
C:\Users\Paula\Documents\project1\Project1-WahooGames\VampireKiller\Source\Player.cpp(68,45): error C2065: 'CLIMBING': undeclared identifier
C:\Users\Paula\Documents\project1\Project1-WahooGames\VampireKiller\Source\Player.cpp(70,40): error C2838: 'CLIMBING': illegal qualified name in member declaration
C:\Users\Paula\Documents\project1\Project1-WahooGames\VampireKiller\Source\Player.cpp(70,40): error C2065: 'CLIMBING': undeclared identifier
C:\Users\Paula\Documents\project1\Project1-WahooGames\VampireKiller\Source\Player.cpp(71,45): error C2838: 'CLIMBING_PRE_TOP': illegal qualified name in member declaration
C:\Users\Paula\Documents\project1\Project1-WahooGames\VampireKiller\Source\Player.cpp(71,45): error C2065: 'CLIMBING_PRE_TOP': undeclared identifier
C:\Users\Paula\Documents\project1\Project1-WahooGames\VampireKiller\Source\Player.cpp(72,39): error C2838: 'CLIMBING_PRE_TOP': illegal qualified name in member declaration
C:\Users\Paula\Documents\project1\Project1-WahooGames\VampireKiller\Source\Player.cpp(72,39): error C2065: 'CLIMBING_PRE_TOP': undeclared identifier
C:\Users\Paula\Documents\project1\Project1-WahooGames\VampireKiller\Source\Player.cpp(73,45): error C2838: 'CLIMBING_TOP': illegal qualified name in member declaration
C:\Users\Paula\Documents\project1\Project1-WahooGames\VampireKiller\Source\Player.cpp(73,45): error C2065: 'CLIMBING_TOP': undeclared identifier
C:\Users\Paula\Documents\project1\Project1-WahooGames\VampireKiller\Source\Player.cpp(74,39): error C2838: 'CLIMBING_TOP': illegal qualified name in member declaration
C:\Users\Paula\Documents\project1\Project1-WahooGames\VampireKiller\Source\Player.cpp(74,39): error C2065: 'CLIMBING_TOP': undeclared identifier
C:\Users\Paula\Documents\project1\Project1-WahooGames\VampireKiller\Source\Player.cpp(157,54): error C2838: 'FALLING_RIGHT': illegal qualified name in member declaration
C:\Users\Paula\Documents\project1\Project1-WahooGames\VampireKiller\Source\Player.cpp(157,54): error C2065: 'FALLING_RIGHT': undeclared identifier
C:\Users\Paula\Documents\project1\Project1-WahooGames\VampireKiller\Source\Player.cpp(158,41): error C2838: 'FALLING_LEFT': illegal qualified name in member declaration
C:\Users\Paula\Documents\project1\Project1-WahooGames\VampireKiller\Source\Player.cpp(158,41): error C2065: 'FALLING_LEFT': undeclared identifier
C:\Users\Paula\Documents\project1\Project1-WahooGames\VampireKiller\Source\Player.cpp(171,32): error C2838: 'CLIMBING': illegal qualified name in member declaration
C:\Users\Paula\Documents\project1\Project1-WahooGames\VampireKiller\Source\Player.cpp(171,32): error C2065: 'CLIMBING': undeclared identifier
C:\Users\Paula\Documents\project1\Project1-WahooGames\VampireKiller\Source\Player.cpp(178,32): error C2838: 'CLIMBING_TOP': illegal qualified name in member declaration
C:\Users\Paula\Documents\project1\Project1-WahooGames\VampireKiller\Source\Player.cpp(178,32): error C2065: 'CLIMBING_TOP': undeclared identifier
C:\Users\Paula\Documents\project1\Project1-WahooGames\VampireKiller\Source\Player.cpp(190,53): error C2838: 'FALLING_RIGHT': illegal qualified name in member declaration
C:\Users\Paula\Documents\project1\Project1-WahooGames\VampireKiller\Source\Player.cpp(190,53): error C2065: 'FALLING_RIGHT': undeclared identifier
C:\Users\Paula\Documents\project1\Project1-WahooGames\VampireKiller\Source\Player.cpp(201,53): error C2838: 'FALLING_LEFT': illegal qualified name in member declaration
C:\Users\Paula\Documents\project1\Project1-WahooGames\VampireKiller\Source\Player.cpp(201,53): error C2065: 'FALLING_LEFT': undeclared identifier
C:\Users\Paula\Documents\project1\Project1-WahooGames\VampireKiller\Source\Player.cpp(340,57): error C2838: 'LEVITATING_RIGHT': illegal qualified name in member declaration
C:\Users\Paula\Documents\project1\Project1-WahooGames\VampireKiller\Source\Player.cpp(340,57): error C2065: 'LEVITATING_RIGHT': undeclared identifier
C:\Users\Paula\Documents\project1\Project1-WahooGames\VampireKiller\Source\Player.cpp(341,44): error C2838: 'LEVITATING_LEFT': illegal qualified name in member declaration
C:\Users\Paula\Documents\project1\Project1-WahooGames\VampireKiller\Source\Player.cpp(341,44): error C2065: 'LEVITATING_LEFT': undeclared identifier
C:\Users\Paula\Documents\project1\Project1-WahooGames\VampireKiller\Source\Player.cpp(345,57): error C2838: 'FALLING_RIGHT': illegal qualified name in member declaration
C:\Users\Paula\Documents\project1\Project1-WahooGames\VampireKiller\Source\Player.cpp(345,57): error C2065: 'FALLING_RIGHT': undeclared identifier
C:\Users\Paula\Documents\project1\Project1-WahooGames\VampireKiller\Source\Player.cpp(346,44): error C2838: 'FALLING_LEFT': illegal qualified name in member declaration
C:\Users\Paula\Documents\project1\Project1-WahooGames\VampireKiller\Source\Player.cpp(346,44): error C2065: 'FALLING_LEFT': undeclared identifier
C:\Users\Paula\Documents\project1\Project1-WahooGames\VampireKiller\Source\Player.cpp(388,60): error C2838: 'CLIMBING_PRE_TOP': illegal qualified name in member declaration
C:\Users\Paula\Documents\project1\Project1-WahooGames\VampireKiller\Source\Player.cpp(388,60): error C2065: 'CLIMBING_PRE_TOP': undeclared identifier
C:\Users\Paula\Documents\project1\Project1-WahooGames\VampireKiller\Source\Player.cpp(389,63): error C2838: 'CLIMBING_TOP': illegal qualified name in member declaration
C:\Users\Paula\Documents\project1\Project1-WahooGames\VampireKiller\Source\Player.cpp(389,63): error C2065: 'CLIMBING_TOP': undeclared identifier
C:\Users\Paula\Documents\project1\Project1-WahooGames\VampireKiller\Source\Player.cpp(408,37): error C2838: 'CLIMBING': illegal qualified name in member declaration
C:\Users\Paula\Documents\project1\Project1-WahooGames\VampireKiller\Source\Player.cpp(408,37): error C2065: 'CLIMBING': undeclared identifier
C:\Users\Paula\Documents\project1\Project1-WahooGames\VampireKiller\Source\Player.cpp(408,77): error C2838: 'CLIMBING': illegal qualified name in member declaration
C:\Users\Paula\Documents\project1\Project1-WahooGames\VampireKiller\Source\Player.cpp(408,77): error C2065: 'CLIMBING': undeclared identifier
  RenderComponent.cpp
  ResourceManager.cpp
  Scene.cpp
C:\Users\Paula\Documents\project1\Project1-WahooGames\VampireKiller\Source\Scene.h(32,17): error C2065: 'Object': undeclared identifier
  (compiling source file 'Source/Scene.cpp')
  
C:\Users\Paula\Documents\project1\Project1-WahooGames\VampireKiller\Source\Scene.h(32,24): error C2059: syntax error: '>'
  (compiling source file 'Source/Scene.cpp')
  
C:\Users\Paula\Documents\project1\Project1-WahooGames\VampireKiller\Source\Scene.cpp(31,21): error C2672: 'begin': no matching overloaded function found
  C:\Program Files\Microsoft Visual Studio\2022\Community\VC\Tools\MSVC\14.39.33519\include\xutility(1834,27):
  could be '_Ty *std::begin(_Ty (&)[_Size]) noexcept'
  	C:\Users\Paula\Documents\project1\Project1-WahooGames\VampireKiller\Source\Scene.cpp(31,21):
  	'_Ty *std::begin(_Ty (&)[_Size]) noexcept': could not deduce template argument for '_Ty (&)[_Size]' from 'unknown-type'
  C:\Program Files\Microsoft Visual Studio\2022\Community\VC\Tools\MSVC\14.39.33519\include\xutility(1816,30):
  or       'unknown-type std::begin(const _Container &) noexcept(<expr>)'
  	C:\Users\Paula\Documents\project1\Project1-WahooGames\VampireKiller\Source\Scene.cpp(31,21):
  	Failed to specialize function template 'unknown-type std::begin(const _Container &) noexcept(<expr>)'
  		C:\Users\Paula\Documents\project1\Project1-WahooGames\VampireKiller\Source\Scene.cpp(31,21):
  		With the following template arguments:
  			C:\Users\Paula\Documents\project1\Project1-WahooGames\VampireKiller\Source\Scene.cpp(31,21):
  			'_Container=unknown-type'
  C:\Program Files\Microsoft Visual Studio\2022\Community\VC\Tools\MSVC\14.39.33519\include\xutility(1810,30):
  or       'unknown-type std::begin(_Container &) noexcept(<expr>)'
  	C:\Users\Paula\Documents\project1\Project1-WahooGames\VampireKiller\Source\Scene.cpp(31,21):
  	Failed to specialize function template 'unknown-type std::begin(_Container &) noexcept(<expr>)'
  		C:\Users\Paula\Documents\project1\Project1-WahooGames\VampireKiller\Source\Scene.cpp(31,21):
  		With the following template arguments:
  			C:\Users\Paula\Documents\project1\Project1-WahooGames\VampireKiller\Source\Scene.cpp(31,21):
  			'_Container=unknown-type'
  C:\Program Files\Microsoft Visual Studio\2022\Community\VC\Tools\MSVC\14.39.33519\include\initializer_list(54,35):
  or       'const _Elem *std::begin(std::initializer_list<_Elem>) noexcept'
  	C:\Users\Paula\Documents\project1\Project1-WahooGames\VampireKiller\Source\Scene.cpp(31,21):
  	'const _Elem *std::begin(std::initializer_list<_Elem>) noexcept': could not deduce template argument for 'std::initializer_list<_Elem>' from 'unknown-type'
  
C:\Users\Paula\Documents\project1\Project1-WahooGames\VampireKiller\Source\Scene.cpp(31,21): error C2672: 'end': no matching overloaded function found
  C:\Program Files\Microsoft Visual Studio\2022\Community\VC\Tools\MSVC\14.39.33519\include\xutility(1839,27):
  could be '_Ty *std::end(_Ty (&)[_Size]) noexcept'
  	C:\Users\Paula\Documents\project1\Project1-WahooGames\VampireKiller\Source\Scene.cpp(31,21):
  	'_Ty *std::end(_Ty (&)[_Size]) noexcept': could not deduce template argument for '_Ty (&)[_Size]' from 'unknown-type'
  C:\Program Files\Microsoft Visual Studio\2022\Community\VC\Tools\MSVC\14.39.33519\include\xutility(1828,30):
  or       'unknown-type std::end(const _Container &) noexcept(<expr>)'
  	C:\Users\Paula\Documents\project1\Project1-WahooGames\VampireKiller\Source\Scene.cpp(31,21):
  	Failed to specialize function template 'unknown-type std::end(const _Container &) noexcept(<expr>)'
  		C:\Users\Paula\Documents\project1\Project1-WahooGames\VampireKiller\Source\Scene.cpp(31,21):
  		With the following template arguments:
  			C:\Users\Paula\Documents\project1\Project1-WahooGames\VampireKiller\Source\Scene.cpp(31,21):
  			'_Container=unknown-type'
  C:\Program Files\Microsoft Visual Studio\2022\Community\VC\Tools\MSVC\14.39.33519\include\xutility(1822,30):
  or       'unknown-type std::end(_Container &) noexcept(<expr>)'
  	C:\Users\Paula\Documents\project1\Project1-WahooGames\VampireKiller\Source\Scene.cpp(31,21):
  	Failed to specialize function template 'unknown-type std::end(_Container &) noexcept(<expr>)'
  		C:\Users\Paula\Documents\project1\Project1-WahooGames\VampireKiller\Source\Scene.cpp(31,21):
  		With the following template arguments:
  			C:\Users\Paula\Documents\project1\Project1-WahooGames\VampireKiller\Source\Scene.cpp(31,21):
  			'_Container=unknown-type'
  C:\Program Files\Microsoft Visual Studio\2022\Community\VC\Tools\MSVC\14.39.33519\include\initializer_list(59,35):
  or       'const _Elem *std::end(std::initializer_list<_Elem>) noexcept'
  	C:\Users\Paula\Documents\project1\Project1-WahooGames\VampireKiller\Source\Scene.cpp(31,21):
  	'const _Elem *std::end(std::initializer_list<_Elem>) noexcept': could not deduce template argument for 'std::initializer_list<_Elem>' from 'unknown-type'
  
C:\Users\Paula\Documents\project1\Project1-WahooGames\VampireKiller\Source\Scene.cpp(31,21): error C3536: '<begin>$L0': cannot be used before it is initialized
C:\Users\Paula\Documents\project1\Project1-WahooGames\VampireKiller\Source\Scene.cpp(31,21): error C3536: '<end>$L0': cannot be used before it is initialized
C:\Users\Paula\Documents\project1\Project1-WahooGames\VampireKiller\Source\Scene.cpp(31,28): error C2100: you cannot dereference an operand of type 'int'
C:\Users\Paula\Documents\project1\Project1-WahooGames\VampireKiller\Source\Scene.cpp(31,28): error C2440: 'initializing': cannot convert from 'int' to 'Entity *'
  C:\Users\Paula\Documents\project1\Project1-WahooGames\VampireKiller\Source\Scene.cpp(31,28):
  Conversion from integral type to pointer type requires reinterpret_cast, C-style cast or parenthesized function-style cast
  
C:\Users\Paula\Documents\project1\Project1-WahooGames\VampireKiller\Source\Scene.cpp(84,2): error C2065: 'Object': undeclared identifier
C:\Users\Paula\Documents\project1\Project1-WahooGames\VampireKiller\Source\Scene.cpp(84,10): error C2065: 'obj': undeclared identifier
C:\Users\Paula\Documents\project1\Project1-WahooGames\VampireKiller\Source\Scene.cpp(235,22): error C2838: 'EMPTY': illegal qualified name in member declaration
C:\Users\Paula\Documents\project1\Project1-WahooGames\VampireKiller\Source\Scene.cpp(235,22): error C2065: 'EMPTY': undeclared identifier
C:\Users\Paula\Documents\project1\Project1-WahooGames\VampireKiller\Source\Scene.cpp(239,27): error C2838: 'PLAYER': illegal qualified name in member declaration
C:\Users\Paula\Documents\project1\Project1-WahooGames\VampireKiller\Source\Scene.cpp(239,27): error C2065: 'PLAYER': undeclared identifier
C:\Users\Paula\Documents\project1\Project1-WahooGames\VampireKiller\Source\Scene.cpp(246,27): error C2838: 'ITEM_APPLE': illegal qualified name in member declaration
C:\Users\Paula\Documents\project1\Project1-WahooGames\VampireKiller\Source\Scene.cpp(246,27): error C2065: 'ITEM_APPLE': undeclared identifier
C:\Users\Paula\Documents\project1\Project1-WahooGames\VampireKiller\Source\Scene.cpp(250,5): error C2065: 'obj': undeclared identifier
C:\Users\Paula\Documents\project1\Project1-WahooGames\VampireKiller\Source\Scene.cpp(250,15): error C2061: syntax error: identifier 'Object'
C:\Users\Paula\Documents\project1\Project1-WahooGames\VampireKiller\Source\Scene.cpp(250,27): error C2653: 'ObjectType': is not a class or namespace name
C:\Users\Paula\Documents\project1\Project1-WahooGames\VampireKiller\Source\Scene.cpp(251,23): error C2065: 'obj': undeclared identifier
C:\Users\Paula\Documents\project1\Project1-WahooGames\VampireKiller\Source\Scene.cpp(254,27): error C2838: 'ITEM_CHILI': illegal qualified name in member declaration
C:\Users\Paula\Documents\project1\Project1-WahooGames\VampireKiller\Source\Scene.cpp(254,27): error C2065: 'ITEM_CHILI': undeclared identifier
C:\Users\Paula\Documents\project1\Project1-WahooGames\VampireKiller\Source\Scene.cpp(258,5): error C2065: 'obj': undeclared identifier
C:\Users\Paula\Documents\project1\Project1-WahooGames\VampireKiller\Source\Scene.cpp(258,15): error C2061: syntax error: identifier 'Object'
C:\Users\Paula\Documents\project1\Project1-WahooGames\VampireKiller\Source\Scene.cpp(258,27): error C2653: 'ObjectType': is not a class or namespace name
C:\Users\Paula\Documents\project1\Project1-WahooGames\VampireKiller\Source\Scene.cpp(259,23): error C2065: 'obj': undeclared identifier
C:\Users\Paula\Documents\project1\Project1-WahooGames\VampireKiller\Source\Scene.cpp(320,9): error C3536: 'it': cannot be used before it is initialized
C:\Users\Paula\Documents\project1\Project1-WahooGames\VampireKiller\Source\Scene.cpp(322,14): error C2100: you cannot dereference an operand of type 'int'
C:\Users\Paula\Documents\project1\Project1-WahooGames\VampireKiller\Source\Scene.cpp(325,23): error C2100: you cannot dereference an operand of type 'int'
C:\Users\Paula\Documents\project1\Project1-WahooGames\VampireKiller\Source\Scene.cpp(328,10): error C2100: you cannot dereference an operand of type 'int'
C:\Users\Paula\Documents\project1\Project1-WahooGames\VampireKiller\Source\Scene.cpp(328,4): error C2541: 'delete': cannot delete objects that are not pointers
C:\Users\Paula\Documents\project1\Project1-WahooGames\VampireKiller\Source\Scene.cpp(341,7): error C2065: 'Object': undeclared identifier
C:\Users\Paula\Documents\project1\Project1-WahooGames\VampireKiller\Source\Scene.cpp(341,15): error C2065: 'obj': undeclared identifier
C:\Users\Paula\Documents\project1\Project1-WahooGames\VampireKiller\Source\Scene.cpp(341,19): error C2143: syntax error: missing ';' before ':'
C:\Users\Paula\Documents\project1\Project1-WahooGames\VampireKiller\Source\Scene.cpp(341,28): error C2143: syntax error: missing ';' before ')'
C:\Users\Paula\Documents\project1\Project1-WahooGames\VampireKiller\Source\Scene.cpp(343,10): error C2065: 'obj': undeclared identifier
C:\Users\Paula\Documents\project1\Project1-WahooGames\VampireKiller\Source\Scene.cpp(343,3): error C2541: 'delete': cannot delete objects that are not pointers
C:\Users\Paula\Documents\project1\Project1-WahooGames\VampireKiller\Source\Scene.cpp(349,7): error C2065: 'Object': undeclared identifier
C:\Users\Paula\Documents\project1\Project1-WahooGames\VampireKiller\Source\Scene.cpp(349,15): error C2065: 'obj': undeclared identifier
C:\Users\Paula\Documents\project1\Project1-WahooGames\VampireKiller\Source\Scene.cpp(349,19): error C2143: syntax error: missing ';' before ':'
C:\Users\Paula\Documents\project1\Project1-WahooGames\VampireKiller\Source\Scene.cpp(349,28): error C2143: syntax error: missing ';' before ')'
C:\Users\Paula\Documents\project1\Project1-WahooGames\VampireKiller\Source\Scene.cpp(351,3): error C2065: 'obj': undeclared identifier
C:\Users\Paula\Documents\project1\Project1-WahooGames\VampireKiller\Source\Scene.cpp(356,7): error C2065: 'Object': undeclared identifier
C:\Users\Paula\Documents\project1\Project1-WahooGames\VampireKiller\Source\Scene.cpp(356,15): error C2065: 'obj': undeclared identifier
C:\Users\Paula\Documents\project1\Project1-WahooGames\VampireKiller\Source\Scene.cpp(356,19): error C2143: syntax error: missing ';' before ':'
C:\Users\Paula\Documents\project1\Project1-WahooGames\VampireKiller\Source\Scene.cpp(356,28): error C2143: syntax error: missing ';' before ')'
C:\Users\Paula\Documents\project1\Project1-WahooGames\VampireKiller\Source\Scene.cpp(358,3): error C2065: 'obj': undeclared identifier
  Sprite.cpp
  StaticImage.cpp
  TileMap.cpp
C:\Users\Paula\Documents\project1\Project1-WahooGames\VampireKiller\Source\TileMap.h(70,39): error C4430: missing type specifier - int assumed. Note: C++ does not support default-int
  (compiling source file 'Source/TileMap.cpp')
  
C:\Users\Paula\Documents\project1\Project1-WahooGames\VampireKiller\Source\TileMap.h(70,39): error C2143: syntax error: missing ',' before '&'
  (compiling source file 'Source/TileMap.cpp')
  
C:\Users\Paula\Documents\project1\Project1-WahooGames\VampireKiller\Source\TileMap.h(71,40): error C4430: missing type specifier - int assumed. Note: C++ does not support default-int
  (compiling source file 'Source/TileMap.cpp')
  
C:\Users\Paula\Documents\project1\Project1-WahooGames\VampireKiller\Source\TileMap.h(71,40): error C2143: syntax error: missing ',' before '&'
  (compiling source file 'Source/TileMap.cpp')
  
C:\Users\Paula\Documents\project1\Project1-WahooGames\VampireKiller\Source\TileMap.h(76,37): error C4430: missing type specifier - int assumed. Note: C++ does not support default-int
  (compiling source file 'Source/TileMap.cpp')
  
C:\Users\Paula\Documents\project1\Project1-WahooGames\VampireKiller\Source\TileMap.h(76,37): error C2143: syntax error: missing ',' before '&'
  (compiling source file 'Source/TileMap.cpp')
  
C:\Users\Paula\Documents\project1\Project1-WahooGames\VampireKiller\Source\TileMap.h(79,29): error C4430: missing type specifier - int assumed. Note: C++ does not support default-int
  (compiling source file 'Source/TileMap.cpp')
  
C:\Users\Paula\Documents\project1\Project1-WahooGames\VampireKiller\Source\TileMap.h(79,29): error C2143: syntax error: missing ',' before '&'
  (compiling source file 'Source/TileMap.cpp')
  
C:\Users\Paula\Documents\project1\Project1-WahooGames\VampireKiller\Source\TileMap.h(82,30): error C4430: missing type specifier - int assumed. Note: C++ does not support default-int
  (compiling source file 'Source/TileMap.cpp')
  
C:\Users\Paula\Documents\project1\Project1-WahooGames\VampireKiller\Source\TileMap.h(82,30): error C2143: syntax error: missing ',' before '&'
  (compiling source file 'Source/TileMap.cpp')
  
C:\Users\Paula\Documents\project1\Project1-WahooGames\VampireKiller\Source\TileMap.h(85,33): error C4430: missing type specifier - int assumed. Note: C++ does not support default-int
  (compiling source file 'Source/TileMap.cpp')
  
C:\Users\Paula\Documents\project1\Project1-WahooGames\VampireKiller\Source\TileMap.h(85,33): error C2143: syntax error: missing ',' before '&'
  (compiling source file 'Source/TileMap.cpp')
  
C:\Users\Paula\Documents\project1\Project1-WahooGames\VampireKiller\Source\TileMap.h(94,29): error C4430: missing type specifier - int assumed. Note: C++ does not support default-int
  (compiling source file 'Source/TileMap.cpp')
  
C:\Users\Paula\Documents\project1\Project1-WahooGames\VampireKiller\Source\TileMap.h(94,29): error C2143: syntax error: missing ',' before '&'
  (compiling source file 'Source/TileMap.cpp')
  
C:\Users\Paula\Documents\project1\Project1-WahooGames\VampireKiller\Source\TileMap.h(95,29): error C4430: missing type specifier - int assumed. Note: C++ does not support default-int
  (compiling source file 'Source/TileMap.cpp')
  
C:\Users\Paula\Documents\project1\Project1-WahooGames\VampireKiller\Source\TileMap.h(95,29): error C2143: syntax error: missing ',' before '&'
  (compiling source file 'Source/TileMap.cpp')
  
C:\Users\Paula\Documents\project1\Project1-WahooGames\VampireKiller\Source\TileMap.cpp(207,45): error C2838: 'LASER_FRAME0': illegal qualified name in member declaration
C:\Users\Paula\Documents\project1\Project1-WahooGames\VampireKiller\Source\TileMap.cpp(207,45): error C2065: 'LASER_FRAME0': undeclared identifier
C:\Users\Paula\Documents\project1\Project1-WahooGames\VampireKiller\Source\TileMap.cpp(207,7): error C2660: 'Sprite::AddKeyFrame': function does not take 1 arguments
  C:\Users\Paula\Documents\project1\Project1-WahooGames\VampireKiller\Source\Sprite.h(21,10):
  see declaration of 'Sprite::AddKeyFrame'
  C:\Users\Paula\Documents\project1\Project1-WahooGames\VampireKiller\Source\TileMap.cpp(207,7):
  while trying to match the argument list '(int)'
  
C:\Users\Paula\Documents\project1\Project1-WahooGames\VampireKiller\Source\TileMap.cpp(208,45): error C2838: 'LASER_FRAME1': illegal qualified name in member declaration
C:\Users\Paula\Documents\project1\Project1-WahooGames\VampireKiller\Source\TileMap.cpp(208,45): error C2065: 'LASER_FRAME1': undeclared identifier
C:\Users\Paula\Documents\project1\Project1-WahooGames\VampireKiller\Source\TileMap.cpp(208,7): error C2660: 'Sprite::AddKeyFrame': function does not take 1 arguments
  C:\Users\Paula\Documents\project1\Project1-WahooGames\VampireKiller\Source\Sprite.h(21,10):
  see declaration of 'Sprite::AddKeyFrame'
  C:\Users\Paula\Documents\project1\Project1-WahooGames\VampireKiller\Source\TileMap.cpp(208,7):
  while trying to match the argument list '(int)'
  
C:\Users\Paula\Documents\project1\Project1-WahooGames\VampireKiller\Source\TileMap.cpp(209,45): error C2838: 'LASER_FRAME2': illegal qualified name in member declaration
C:\Users\Paula\Documents\project1\Project1-WahooGames\VampireKiller\Source\TileMap.cpp(209,45): error C2065: 'LASER_FRAME2': undeclared identifier
C:\Users\Paula\Documents\project1\Project1-WahooGames\VampireKiller\Source\TileMap.cpp(209,7): error C2660: 'Sprite::AddKeyFrame': function does not take 1 arguments
  C:\Users\Paula\Documents\project1\Project1-WahooGames\VampireKiller\Source\Sprite.h(21,10):
  see declaration of 'Sprite::AddKeyFrame'
  C:\Users\Paula\Documents\project1\Project1-WahooGames\VampireKiller\Source\TileMap.cpp(209,7):
  while trying to match the argument list '(int)'
  
C:\Users\Paula\Documents\project1\Project1-WahooGames\VampireKiller\Source\TileMap.cpp(248,16): error C2838: 'SOLID_FIRST': illegal qualified name in member declaration
C:\Users\Paula\Documents\project1\Project1-WahooGames\VampireKiller\Source\TileMap.cpp(248,16): error C2065: 'SOLID_FIRST': undeclared identifier
C:\Users\Paula\Documents\project1\Project1-WahooGames\VampireKiller\Source\TileMap.cpp(248,53): error C2838: 'SOLID_LAST': illegal qualified name in member declaration
C:\Users\Paula\Documents\project1\Project1-WahooGames\VampireKiller\Source\TileMap.cpp(248,53): error C2065: 'SOLID_LAST': undeclared identifier
C:\Users\Paula\Documents\project1\Project1-WahooGames\VampireKiller\Source\TileMap.cpp(252,23): error C2838: 'LADDER_TOP_L': illegal qualified name in member declaration
C:\Users\Paula\Documents\project1\Project1-WahooGames\VampireKiller\Source\TileMap.cpp(252,23): error C2065: 'LADDER_TOP_L': undeclared identifier
C:\Users\Paula\Documents\project1\Project1-WahooGames\VampireKiller\Source\TileMap.cpp(252,53): error C2838: 'LADDER_TOP_R': illegal qualified name in member declaration
C:\Users\Paula\Documents\project1\Project1-WahooGames\VampireKiller\Source\TileMap.cpp(252,53): error C2065: 'LADDER_TOP_R': undeclared identifier
C:\Users\Paula\Documents\project1\Project1-WahooGames\VampireKiller\Source\TileMap.cpp(256,23): error C2838: 'LADDER_L': illegal qualified name in member declaration
C:\Users\Paula\Documents\project1\Project1-WahooGames\VampireKiller\Source\TileMap.cpp(256,23): error C2065: 'LADDER_L': undeclared identifier
C:\Users\Paula\Documents\project1\Project1-WahooGames\VampireKiller\Source\TileMap.cpp(256,49): error C2838: 'LADDER_R': illegal qualified name in member declaration
C:\Users\Paula\Documents\project1\Project1-WahooGames\VampireKiller\Source\TileMap.cpp(256,49): error C2065: 'LADDER_R': undeclared identifier
C:\Users\Paula\Documents\project1\Project1-WahooGames\VampireKiller\Source\TileMap.cpp(258,47): error C4430: missing type specifier - int assumed. Note: C++ does not support default-int
C:\Users\Paula\Documents\project1\Project1-WahooGames\VampireKiller\Source\TileMap.cpp(258,47): error C2143: syntax error: missing ',' before '&'
C:\Users\Paula\Documents\project1\Project1-WahooGames\VampireKiller\Source\TileMap.cpp(260,20): error C2065: 'box': undeclared identifier
C:\Users\Paula\Documents\project1\Project1-WahooGames\VampireKiller\Source\TileMap.cpp(260,29): error C2065: 'box': undeclared identifier
C:\Users\Paula\Documents\project1\Project1-WahooGames\VampireKiller\Source\TileMap.cpp(262,48): error C4430: missing type specifier - int assumed. Note: C++ does not support default-int
C:\Users\Paula\Documents\project1\Project1-WahooGames\VampireKiller\Source\TileMap.cpp(262,48): error C2143: syntax error: missing ',' before '&'
C:\Users\Paula\Documents\project1\Project1-WahooGames\VampireKiller\Source\TileMap.cpp(264,20): error C2065: 'box': undeclared identifier
C:\Users\Paula\Documents\project1\Project1-WahooGames\VampireKiller\Source\TileMap.cpp(264,36): error C2065: 'box': undeclared identifier
C:\Users\Paula\Documents\project1\Project1-WahooGames\VampireKiller\Source\TileMap.cpp(264,30): error C3861: 'Point': identifier not found
C:\Users\Paula\Documents\project1\Project1-WahooGames\VampireKiller\Source\TileMap.cpp(264,55): error C2065: 'box': undeclared identifier
C:\Users\Paula\Documents\project1\Project1-WahooGames\VampireKiller\Source\TileMap.cpp(266,45): error C4430: missing type specifier - int assumed. Note: C++ does not support default-int
C:\Users\Paula\Documents\project1\Project1-WahooGames\VampireKiller\Source\TileMap.cpp(266,45): error C2143: syntax error: missing ',' before '&'
C:\Users\Paula\Documents\project1\Project1-WahooGames\VampireKiller\Source\TileMap.cpp(268,2): error C2065: 'Point': undeclared identifier
C:\Users\Paula\Documents\project1\Project1-WahooGames\VampireKiller\Source\TileMap.cpp(268,8): error C2146: syntax error: missing ';' before identifier 'p'
C:\Users\Paula\Documents\project1\Project1-WahooGames\VampireKiller\Source\TileMap.cpp(268,10): error C2065: 'box': undeclared identifier
C:\Users\Paula\Documents\project1\Project1-WahooGames\VampireKiller\Source\TileMap.cpp(268,22): error C2065: 'py': undeclared identifier
C:\Users\Paula\Documents\project1\Project1-WahooGames\VampireKiller\Source\TileMap.cpp(268,8): error C3861: 'p': identifier not found
C:\Users\Paula\Documents\project1\Project1-WahooGames\VampireKiller\Source\TileMap.cpp(271,17): error C2065: 'p': undeclared identifier
C:\Users\Paula\Documents\project1\Project1-WahooGames\VampireKiller\Source\TileMap.cpp(271,20): error C2065: 'box': undeclared identifier
C:\Users\Paula\Documents\project1\Project1-WahooGames\VampireKiller\Source\TileMap.cpp(273,12): error C2065: 'p': undeclared identifier
C:\Users\Paula\Documents\project1\Project1-WahooGames\VampireKiller\Source\TileMap.cpp(275,4): error C2065: 'py': undeclared identifier
C:\Users\Paula\Documents\project1\Project1-WahooGames\VampireKiller\Source\TileMap.cpp(280,37): error C4430: missing type specifier - int assumed. Note: C++ does not support default-int
C:\Users\Paula\Documents\project1\Project1-WahooGames\VampireKiller\Source\TileMap.cpp(280,37): error C2143: syntax error: missing ',' before '&'
C:\Users\Paula\Documents\project1\Project1-WahooGames\VampireKiller\Source\TileMap.cpp(282,21): error C2065: 'box': undeclared identifier
C:\Users\Paula\Documents\project1\Project1-WahooGames\VampireKiller\Source\TileMap.cpp(282,40): error C2065: 'box': undeclared identifier
C:\Users\Paula\Documents\project1\Project1-WahooGames\VampireKiller\Source\TileMap.cpp(282,31): error C3861: 'Point': identifier not found
C:\Users\Paula\Documents\project1\Project1-WahooGames\VampireKiller\Source\TileMap.cpp(282,53): error C2065: 'box': undeclared identifier
C:\Users\Paula\Documents\project1\Project1-WahooGames\VampireKiller\Source\TileMap.cpp(284,37): error C4430: missing type specifier - int assumed. Note: C++ does not support default-int
C:\Users\Paula\Documents\project1\Project1-WahooGames\VampireKiller\Source\TileMap.cpp(284,37): error C2143: syntax error: missing ',' before '&'
C:\Users\Paula\Documents\project1\Project1-WahooGames\VampireKiller\Source\TileMap.cpp(289,6): error C2065: 'p': undeclared identifier
C:\Users\Paula\Documents\project1\Project1-WahooGames\VampireKiller\Source\TileMap.cpp(290,7): error C2065: 'p': undeclared identifier
C:\Users\Paula\Documents\project1\Project1-WahooGames\VampireKiller\Source\TileMap.cpp(291,8): error C2065: 'p': undeclared identifier
C:\Users\Paula\Documents\project1\Project1-WahooGames\VampireKiller\Source\TileMap.cpp(291,14): error C2065: 'distance': undeclared identifier
C:\Users\Paula\Documents\project1\Project1-WahooGames\VampireKiller\Source\TileMap.cpp(302,37): error C4430: missing type specifier - int assumed. Note: C++ does not support default-int
C:\Users\Paula\Documents\project1\Project1-WahooGames\VampireKiller\Source\TileMap.cpp(302,37): error C2143: syntax error: missing ',' before '&'
C:\Users\Paula\Documents\project1\Project1-WahooGames\VampireKiller\Source\TileMap.cpp(308,6): error C2065: 'p': undeclared identifier
C:\Users\Paula\Documents\project1\Project1-WahooGames\VampireKiller\Source\TileMap.cpp(309,7): error C2065: 'p': undeclared identifier
C:\Users\Paula\Documents\project1\Project1-WahooGames\VampireKiller\Source\TileMap.cpp(310,8): error C2065: 'p': undeclared identifier
C:\Users\Paula\Documents\project1\Project1-WahooGames\VampireKiller\Source\TileMap.cpp(310,14): error C2065: 'distance': undeclared identifier
C:\Users\Paula\Documents\project1\Project1-WahooGames\VampireKiller\Source\TileMap.cpp(323,38): error C4430: missing type specifier - int assumed. Note: C++ does not support default-int
C:\Users\Paula\Documents\project1\Project1-WahooGames\VampireKiller\Source\TileMap.cpp(323,38): error C2143: syntax error: missing ',' before '&'
C:\Users\Paula\Documents\project1\Project1-WahooGames\VampireKiller\Source\TileMap.cpp(330,9): error C2065: 'box': undeclared identifier
C:\Users\Paula\Documents\project1\Project1-WahooGames\VampireKiller\Source\TileMap.cpp(331,10): error C2065: 'box': undeclared identifier
C:\Users\Paula\Documents\project1\Project1-WahooGames\VampireKiller\Source\TileMap.cpp(331,22): error C2065: 'box': undeclared identifier
C:\Users\Paula\Documents\project1\Project1-WahooGames\VampireKiller\Source\TileMap.cpp(332,11): error C2065: 'box': undeclared identifier
C:\Users\Paula\Documents\project1\Project1-WahooGames\VampireKiller\Source\TileMap.cpp(332,23): error C2065: 'box': undeclared identifier
C:\Users\Paula\Documents\project1\Project1-WahooGames\VampireKiller\Source\TileMap.cpp(344,4): error C2065: 'px': undeclared identifier
C:\Users\Paula\Documents\project1\Project1-WahooGames\VampireKiller\Source\TileMap.cpp(344,44): error C2065: 'box': undeclared identifier
C:\Users\Paula\Documents\project1\Project1-WahooGames\VampireKiller\Source\TileMap.cpp(349,41): error C4430: missing type specifier - int assumed. Note: C++ does not support default-int
C:\Users\Paula\Documents\project1\Project1-WahooGames\VampireKiller\Source\TileMap.cpp(349,41): error C2143: syntax error: missing ',' before '&'
C:\Users\Paula\Documents\project1\Project1-WahooGames\VampireKiller\Source\TileMap.cpp(356,9): error C2065: 'box': undeclared identifier
C:\Users\Paula\Documents\project1\Project1-WahooGames\VampireKiller\Source\TileMap.cpp(357,10): error C2065: 'box': undeclared identifier
C:\Users\Paula\Documents\project1\Project1-WahooGames\VampireKiller\Source\TileMap.cpp(357,22): error C2065: 'box': undeclared identifier
C:\Users\Paula\Documents\project1\Project1-WahooGames\VampireKiller\Source\TileMap.cpp(358,11): error C2065: 'box': undeclared identifier
C:\Users\Paula\Documents\project1\Project1-WahooGames\VampireKiller\Source\TileMap.cpp(358,23): error C2065: 'box': undeclared identifier
C:\Users\Paula\Documents\project1\Project1-WahooGames\VampireKiller\Source\TileMap.cpp(370,4): error C2065: 'px': undeclared identifier
C:\Users\Paula\Documents\project1\Project1-WahooGames\VampireKiller\Source\TileMap.cpp(370,44): error C2065: 'box': undeclared identifier
C:\Users\Paula\Documents\project1\Project1-WahooGames\VampireKiller\Source\TileMap.cpp(383,20): error C2838: 'LADDER_L': illegal qualified name in member declaration
C:\Users\Paula\Documents\project1\Project1-WahooGames\VampireKiller\Source\TileMap.cpp(383,20): error C2065: 'LADDER_L': undeclared identifier
C:\Users\Paula\Documents\project1\Project1-WahooGames\VampireKiller\Source\TileMap.cpp(383,46): error C2838: 'LADDER_TOP_L': illegal qualified name in member declaration
C:\Users\Paula\Documents\project1\Project1-WahooGames\VampireKiller\Source\TileMap.cpp(383,46): error C2065: 'LADDER_TOP_L': undeclared identifier
C:\Users\Paula\Documents\project1\Project1-WahooGames\VampireKiller\Source\TileMap.cpp(384,25): error C2838: 'LADDER_R': illegal qualified name in member declaration
C:\Users\Paula\Documents\project1\Project1-WahooGames\VampireKiller\Source\TileMap.cpp(384,25): error C2065: 'LADDER_R': undeclared identifier
C:\Users\Paula\Documents\project1\Project1-WahooGames\VampireKiller\Source\TileMap.cpp(384,51): error C2838: 'LADDER_TOP_R': illegal qualified name in member declaration
C:\Users\Paula\Documents\project1\Project1-WahooGames\VampireKiller\Source\TileMap.cpp(384,51): error C2065: 'LADDER_TOP_R': undeclared identifier
C:\Users\Paula\Documents\project1\Project1-WahooGames\VampireKiller\Source\TileMap.cpp(407,23): error C2838: 'LASER': illegal qualified name in member declaration
C:\Users\Paula\Documents\project1\Project1-WahooGames\VampireKiller\Source\TileMap.cpp(407,23): error C2065: 'LASER': undeclared identifier
  Generating Code...
