  AABB.cpp
  Enemy.cpp
  Entity.cpp
  Game.cpp
  Globals.cpp
  main.cpp
  Object.cpp
  Player.cpp
  RenderComponent.cpp
C:\Users\Laura\OneDrive\Documentos\GitHub\Project1-WahooGames\VampireKiller\Source\Player.cpp(338,10): warning C4553: "==": el resultado de la expresión no se usa. ¿Quiso decir "="?
  ResourceManager.cpp
  Scene.cpp
  Sprite.cpp
  StaticImage.cpp
  TileMap.cpp
  Generando código
  Previous IPDB not found, fall back to full compilation.
  All 813 functions were compiled because no usable IPDB/IOBJ from previous compilation was found.
  Generación de código finalizada
  VampireKiller.vcxproj -> C:\Users\Laura\OneDrive\Documentos\GitHub\Project1-WahooGames\VampireKiller\x64\Release\VampireKiller.exe
